<?xml version="1.0" encoding="UTF-8"?>
<testsuite name="agh.ics.project.MapCellTest" tests="1" skipped="0" failures="0" errors="0" timestamp="2021-12-28T03:05:22" hostname="DESKTOP-ENVA86M" time="0.025">
  <properties/>
  <testcase name="removeElementTest()" classname="agh.ics.project.MapCellTest" time="0.025"/>
  <system-out><![CDATA[]]></system-out>
  <system-err><![CDATA[]]></system-err>
</testsuite>
