<?xml version="1.0" encoding="UTF-8"?>
<testsuite name="agh.ics.project.TorusMapTest" tests="1" skipped="0" failures="0" errors="0" timestamp="2021-12-21T12:32:18" hostname="DESKTOP-RFQESVF" time="0.019">
  <properties/>
  <testcase name="animalMoveTest()" classname="agh.ics.project.TorusMapTest" time="0.019"/>
  <system-out><![CDATA[]]></system-out>
  <system-err><![CDATA[]]></system-err>
</testsuite>
